2023-04-07 13:36:39,125 DEBUG: Starting new HTTPS connection (1): quera.org:443
2023-04-07 13:36:41,089 DEBUG: https://quera.org:443 "GET /magnet/jobs HTTP/1.1" 200 None
2023-04-07 13:36:41,270 INFO: Starting to scrape the page [https://quera.org/magnet/jobs?page=1]
2023-04-07 13:36:41,272 DEBUG: Starting new HTTPS connection (1): quera.org:443
2023-04-07 13:36:43,811 DEBUG: https://quera.org:443 "GET /magnet/jobs?page=1 HTTP/1.1" 200 None
2023-04-07 13:36:44,091 INFO: Sleeping for 0.607 seconds
2023-04-07 13:36:44,701 INFO: Woke up
2023-04-07 13:36:44,701 INFO: Starting to scrape the page [https://quera.org/magnet/jobs?page=2]
2023-04-07 13:36:44,711 DEBUG: Starting new HTTPS connection (1): quera.org:443
2023-04-07 13:36:46,653 DEBUG: https://quera.org:443 "GET /magnet/jobs?page=2 HTTP/1.1" 200 None
2023-04-07 13:36:46,890 INFO: Sleeping for 1.368 seconds
2023-04-07 13:36:48,271 INFO: Woke up
2023-04-07 13:36:48,271 INFO: Starting to scrape the page [https://quera.org/magnet/jobs?page=3]
2023-04-07 13:36:48,280 DEBUG: Starting new HTTPS connection (1): quera.org:443
2023-04-07 13:36:49,978 DEBUG: https://quera.org:443 "GET /magnet/jobs?page=3 HTTP/1.1" 200 None
2023-04-07 13:36:50,251 INFO: Sleeping for 1.2670000000000001 seconds
2023-04-07 13:36:51,521 INFO: Woke up
2023-04-07 13:36:51,523 INFO: Starting to scrape the page [https://quera.org/magnet/jobs?page=4]
2023-04-07 13:36:51,529 DEBUG: Starting new HTTPS connection (1): quera.org:443
2023-04-07 13:36:53,735 DEBUG: https://quera.org:443 "GET /magnet/jobs?page=4 HTTP/1.1" 200 None
2023-04-07 13:36:54,021 INFO: Sleeping for 0.682 seconds
2023-04-07 13:36:54,721 INFO: Woke up
2023-04-07 13:36:54,723 INFO: Starting to scrape the page [https://quera.org/magnet/jobs?page=5]
2023-04-07 13:36:54,731 DEBUG: Starting new HTTPS connection (1): quera.org:443
2023-04-07 13:36:56,449 DEBUG: https://quera.org:443 "GET /magnet/jobs?page=5 HTTP/1.1" 200 None
2023-04-07 13:36:56,706 INFO: Sleeping for 1.92 seconds
2023-04-07 13:36:58,641 INFO: Woke up
2023-04-07 13:36:58,641 INFO: Starting to scrape the page [https://quera.org/magnet/jobs?page=6]
2023-04-07 13:36:58,649 DEBUG: Starting new HTTPS connection (1): quera.org:443
2023-04-07 13:37:00,631 DEBUG: https://quera.org:443 "GET /magnet/jobs?page=6 HTTP/1.1" 200 None
2023-04-07 13:37:00,886 INFO: Sleeping for 1.99 seconds
2023-04-07 13:37:02,881 INFO: Woke up
2023-04-07 13:37:02,882 INFO: Starting to scrape the page [https://quera.org/magnet/jobs?page=7]
2023-04-07 13:37:02,890 DEBUG: Starting new HTTPS connection (1): quera.org:443
2023-04-07 13:37:05,271 DEBUG: https://quera.org:443 "GET /magnet/jobs?page=7 HTTP/1.1" 200 None
2023-04-07 13:37:05,525 INFO: Sleeping for 1.542 seconds
2023-04-07 13:37:07,071 INFO: Woke up
2023-04-07 13:37:07,071 INFO: Starting to scrape the page [https://quera.org/magnet/jobs?page=8]
2023-04-07 13:37:07,080 DEBUG: Starting new HTTPS connection (1): quera.org:443
2023-04-07 13:37:09,151 DEBUG: https://quera.org:443 "GET /magnet/jobs?page=8 HTTP/1.1" 200 None
2023-04-07 13:37:09,363 INFO: Sleeping for 1.685 seconds
2023-04-07 13:37:11,051 INFO: Woke up
2023-04-07 13:37:11,051 INFO: Starting to scrape the page [https://quera.org/magnet/jobs?page=9]
2023-04-07 13:37:11,060 DEBUG: Starting new HTTPS connection (1): quera.org:443
2023-04-07 13:37:13,394 DEBUG: https://quera.org:443 "GET /magnet/jobs?page=9 HTTP/1.1" 200 None
2023-04-07 13:37:13,681 INFO: Sleeping for 0.756 seconds
2023-04-07 13:37:14,444 INFO: Woke up
2023-04-07 13:37:14,445 INFO: Starting to scrape the page [https://quera.org/magnet/jobs?page=10]
2023-04-07 13:37:14,452 DEBUG: Starting new HTTPS connection (1): quera.org:443
2023-04-07 13:37:16,871 DEBUG: https://quera.org:443 "GET /magnet/jobs?page=10 HTTP/1.1" 200 None
2023-04-07 13:37:17,141 INFO: Sleeping for 1.1360000000000001 seconds
2023-04-07 13:37:18,281 INFO: Woke up
